TN:test
SF:/home/vladislav/s21/C4_s21_math-1/src/s21_math.c
FN:7,checking_number
FNDA:1810,checking_number
FN:16,s21_abs
FNDA:12,s21_abs
FN:50,s21_acos
FNDA:2,s21_acos
FN:54,s21_asin
FNDA:84,s21_asin
FN:60,s21_atan
FNDA:18,s21_atan
FN:76,s21_ceil
FNDA:38,s21_ceil
FN:94,s21_cos
FNDA:44,s21_cos
FN:114,s21_exp
FNDA:71730,s21_exp
FN:132,s21_fabs
FNDA:18152,s21_fabs
FN:141,s21_floor
FNDA:538,s21_floor
FN:158,s21_fmod
FNDA:320,s21_fmod
FN:194,s21_log
FNDA:548,s21_log
FN:218,s21_pow
FNDA:12,s21_pow
FN:269,s21_sin
FNDA:50,s21_sin
FN:308,s21_sqrt
FNDA:40,s21_sqrt
FN:325,s21_tan
FNDA:10,s21_tan
FN:328,s21_max
FNDA:0,s21_max
FN:334,is_negative_zero
FNDA:0,is_negative_zero
FN:338,is_integer_number
FNDA:4,is_integer_number
FN:340,is_even_number
FNDA:4,is_even_number
DA:7,1810
DA:8,1810
DA:9,1810
DA:10,1762
DA:11,1690
DA:13,1810
DA:16,12
DA:17,12
DA:18,12
DA:19,6
DA:21,12
DA:50,2
DA:51,2
DA:54,84
DA:55,84
DA:56,84
DA:57,84
DA:60,18
DA:61,18
DA:62,18
DA:63,18
DA:64,16
DA:65,4
DA:67,12
DA:68,12
DA:69,4
DA:73,18
DA:76,38
DA:77,38
DA:78,38
DA:79,38
DA:80,24
DA:81,14
DA:82,14
DA:85,14
DA:87,10
DA:89,24
DA:91,38
DA:94,44
DA:95,44
DA:96,44
DA:97,44
DA:98,44
DA:99,44
DA:100,6
DA:102,38
DA:103,38
DA:104,446
DA:105,408
DA:106,408
DA:107,408
DA:108,408
DA:111,44
DA:114,71730
DA:115,71730
DA:116,71730
DA:117,71730
DA:118,71730
DA:119,71730
DA:120,4666
DA:121,4666
DA:123,1324182
DA:124,1252452
DA:125,1252452
DA:126,1252452
DA:127,1252452
DA:129,71730
DA:132,18152
DA:133,18152
DA:134,18152
DA:135,18152
DA:136,18152
DA:138,18152
DA:141,538
DA:142,538
DA:143,538
DA:144,538
DA:145,516
DA:146,506
DA:147,506
DA:149,506
DA:150,506
DA:152,10
DA:155,538
DA:158,320
DA:159,320
DA:160,320
DA:161,320
DA:162,568
DA:163,248
DA:164,248
DA:165,248
DA:166,248
DA:167,248
DA:168,5406
DA:169,5158
DA:170,5158
DA:172,248
DA:176,5902
DA:177,5654
DA:178,5654
DA:180,248
DA:181,72
DA:182,22
DA:184,50
DA:185,48
DA:186,46
DA:188,98
DA:189,50
DA:191,320
DA:194,548
DA:195,548
DA:196,548
DA:197,548
DA:198,516
DA:199,516
DA:201,5094
DA:203,17020
DA:205,16504
DA:207,516
DA:208,32
DA:209,4
DA:210,28
DA:211,12
DA:212,16
DA:213,8
DA:215,548
DA:218,12
DA:219,12
DA:220,12
DA:221,12
DA:222,16
DA:223,4
DA:224,0
DA:225,12
DA:226,0
DA:227,0
DA:228,12
DA:229,0
DA:230,0
DA:231,0
DA:233,0
DA:234,0
DA:235,0
DA:237,0
DA:238,0
DA:239,0
DA:241,0
DA:242,0
DA:243,0
DA:245,12
DA:246,0
DA:247,0
DA:248,12
DA:249,12
DA:250,0
DA:251,0
DA:252,0
DA:254,0
DA:255,0
DA:256,0
DA:257,0
DA:259,0
DA:260,0
DA:261,0
DA:262,0
DA:266,12
DA:269,50
DA:270,50
DA:271,50
DA:272,22
DA:273,12
DA:274,52
DA:275,32
DA:276,32
DA:277,244
DA:278,212
DA:279,212
DA:280,212
DA:282,18
DA:283,12
DA:285,6
DA:287,50
DA:308,40
DA:309,40
DA:310,76
DA:311,36
DA:312,36
DA:313,414
DA:314,378
DA:315,378
DA:317,4
DA:318,2
DA:319,2
DA:320,2
DA:322,40
DA:325,10
DA:328,0
DA:329,0
DA:330,0
DA:331,0
DA:334,0
DA:335,0
DA:338,4
DA:340,4
DA:341,4
DA:342,4
end_of_record
TN:test
SF:/home/vladislav/s21/C4_s21_math-1/src/test.c
FN:13,s21_abs_1_fn
FNDA:4,s21_abs_1_fn
FN:21,s21_abs_2_fn
FNDA:4,s21_abs_2_fn
FN:29,s21_abs_3_fn
FNDA:4,s21_abs_3_fn
FN:37,s21_abs_4_fn
FNDA:4,s21_abs_4_fn
FN:45,s21_abs_5_fn
FNDA:4,s21_abs_5_fn
FN:53,s21_abs_6_fn
FNDA:4,s21_abs_6_fn
FN:61,s21_acos_1_fn
FNDA:4,s21_acos_1_fn
FN:69,s21_asin_1_fn
FNDA:4,s21_asin_1_fn
FN:77,s21_asin_1_2_fn
FNDA:4,s21_asin_1_2_fn
FN:85,s21_asin_2_fn
FNDA:4,s21_asin_2_fn
FN:93,s21_asin_3_fn
FNDA:4,s21_asin_3_fn
FN:101,s21_asin_4_fn
FNDA:4,s21_asin_4_fn
FN:109,s21_asin_5_fn
FNDA:4,s21_asin_5_fn
FN:118,s21_asin_6_fn
FNDA:4,s21_asin_6_fn
FN:127,s21_asin_7_fn
FNDA:4,s21_asin_7_fn
FN:136,s21_asin_8_fn
FNDA:4,s21_asin_8_fn
FN:144,s21_asin_9_fn
FNDA:4,s21_asin_9_fn
FN:152,s21_asin_10_fn
FNDA:4,s21_asin_10_fn
FN:160,s21_asin_11_fn
FNDA:4,s21_asin_11_fn
FN:168,s21_asin_12_fn
FNDA:4,s21_asin_12_fn
FN:176,s21_asin_13_fn
FNDA:4,s21_asin_13_fn
FN:184,s21_asin_14_fn
FNDA:4,s21_asin_14_fn
FN:192,s21_asin_15_fn
FNDA:4,s21_asin_15_fn
FN:200,s21_asin_16_fn
FNDA:4,s21_asin_16_fn
FN:208,s21_asin_17_fn
FNDA:4,s21_asin_17_fn
FN:216,s21_asin_18_fn
FNDA:4,s21_asin_18_fn
FN:224,s21_asin_19_fn
FNDA:4,s21_asin_19_fn
FN:232,s21_asin_20_fn
FNDA:4,s21_asin_20_fn
FN:240,s21_asin_21_fn
FNDA:4,s21_asin_21_fn
FN:248,s21_asin_22_fn
FNDA:4,s21_asin_22_fn
FN:256,s21_asin_123_fn
FNDA:4,s21_asin_123_fn
FN:264,s21_asin_24_fn
FNDA:4,s21_asin_24_fn
FN:272,s21_asin_25_fn
FNDA:4,s21_asin_25_fn
FN:280,s21_asin_26_fn
FNDA:4,s21_asin_26_fn
FN:288,s21_asin_27_fn
FNDA:4,s21_asin_27_fn
FN:296,s21_asin_28_fn
FNDA:4,s21_asin_28_fn
FN:304,s21_asin_29_fn
FNDA:4,s21_asin_29_fn
FN:312,s21_asin_30_fn
FNDA:4,s21_asin_30_fn
FN:320,s21_atan_1_fn
FNDA:4,s21_atan_1_fn
FN:328,s21_atan_2_fn
FNDA:4,s21_atan_2_fn
FN:336,s21_atan_3_fn
FNDA:4,s21_atan_3_fn
FN:344,s21_atan_4_fn
FNDA:4,s21_atan_4_fn
FN:351,s21_atan_5_fn
FNDA:4,s21_atan_5_fn
FN:359,s21_atan_6_fn
FNDA:4,s21_atan_6_fn
FN:367,s21_atan_7_fn
FNDA:4,s21_atan_7_fn
FN:375,s21_atan_8_fn
FNDA:3,s21_atan_8_fn
FN:383,s21_atan_9_fn
FNDA:3,s21_atan_9_fn
FN:391,s21_ceil_1_fn
FNDA:4,s21_ceil_1_fn
FN:399,s21_ceil_2_fn
FNDA:4,s21_ceil_2_fn
FN:407,s21_ceil_3_fn
FNDA:4,s21_ceil_3_fn
FN:415,s21_ceil_4_fn
FNDA:4,s21_ceil_4_fn
FN:423,s21_ceil_5_fn
FNDA:4,s21_ceil_5_fn
FN:431,s21_ceil_6_fn
FNDA:4,s21_ceil_6_fn
FN:439,s21_ceil_7_fn
FNDA:4,s21_ceil_7_fn
FN:447,s21_ceil_8_fn
FNDA:4,s21_ceil_8_fn
FN:455,s21_ceil_9_fn
FNDA:4,s21_ceil_9_fn
FN:463,s21_ceil_10_fn
FNDA:4,s21_ceil_10_fn
FN:471,s21_ceil_11_fn
FNDA:4,s21_ceil_11_fn
FN:479,s21_ceil_12_fn
FNDA:4,s21_ceil_12_fn
FN:487,s21_ceil_13_fn
FNDA:4,s21_ceil_13_fn
FN:496,s21_ceil_14_fn
FNDA:4,s21_ceil_14_fn
FN:505,s21_ceil_15_fn
FNDA:4,s21_ceil_15_fn
FN:513,s21_ceil_16_fn
FNDA:4,s21_ceil_16_fn
FN:521,s21_ceil_17_fn
FNDA:4,s21_ceil_17_fn
FN:529,s21_ceil_18_fn
FNDA:4,s21_ceil_18_fn
FN:537,s21_ceil_19_fn
FNDA:4,s21_ceil_19_fn
FN:545,s21_cos_2_fn
FNDA:4,s21_cos_2_fn
FN:553,s21_cos_3_fn
FNDA:4,s21_cos_3_fn
FN:561,s21_cos_4_fn
FNDA:4,s21_cos_4_fn
FN:569,s21_cos_5_fn
FNDA:4,s21_cos_5_fn
FN:577,s21_cos_6_fn
FNDA:4,s21_cos_6_fn
FN:586,s21_cos_7_fn
FNDA:4,s21_cos_7_fn
FN:595,s21_cos_8_fn
FNDA:4,s21_cos_8_fn
FN:604,s21_cos_9_fn
FNDA:4,s21_cos_9_fn
FN:612,s21_cos_10_fn
FNDA:4,s21_cos_10_fn
FN:620,s21_cos_11_fn
FNDA:4,s21_cos_11_fn
FN:628,s21_cos_12_fn
FNDA:4,s21_cos_12_fn
FN:636,s21_cos_13_fn
FNDA:4,s21_cos_13_fn
FN:644,s21_cos_14_fn
FNDA:4,s21_cos_14_fn
FN:652,s21_cos_15_fn
FNDA:4,s21_cos_15_fn
FN:660,s21_cos_16_fn
FNDA:4,s21_cos_16_fn
FN:668,s21_cos_17_fn
FNDA:4,s21_cos_17_fn
FN:676,s21_cos_18_fn
FNDA:4,s21_cos_18_fn
FN:684,s21_cos_19_fn
FNDA:4,s21_cos_19_fn
FN:692,s21_exp_1_fn
FNDA:4,s21_exp_1_fn
FN:700,s21_exp_2_fn
FNDA:4,s21_exp_2_fn
FN:708,s21_fabs_1_fn
FNDA:4,s21_fabs_1_fn
FN:716,s21_fabs_2_fn
FNDA:4,s21_fabs_2_fn
FN:724,s21_fabs_3_fn
FNDA:4,s21_fabs_3_fn
FN:732,s21_floor_1_fn
FNDA:4,s21_floor_1_fn
FN:740,s21_floor_2_fn
FNDA:4,s21_floor_2_fn
FN:748,s21_floor_3_fn
FNDA:4,s21_floor_3_fn
FN:756,s21_floor_4_fn
FNDA:4,s21_floor_4_fn
FN:764,s21_floor_5_fn
FNDA:4,s21_floor_5_fn
FN:772,s21_floor_6_fn
FNDA:4,s21_floor_6_fn
FN:780,s21_floor_7_fn
FNDA:4,s21_floor_7_fn
FN:788,s21_floor_8_fn
FNDA:4,s21_floor_8_fn
FN:796,s21_floor_9_fn
FNDA:4,s21_floor_9_fn
FN:804,s21_floor_10_fn
FNDA:4,s21_floor_10_fn
FN:812,s21_floor_11_fn
FNDA:4,s21_floor_11_fn
FN:820,s21_floor_12_fn
FNDA:4,s21_floor_12_fn
FN:828,s21_floor_13_fn
FNDA:4,s21_floor_13_fn
FN:837,s21_floor_14_fn
FNDA:4,s21_floor_14_fn
FN:846,s21_floor_15_fn
FNDA:4,s21_floor_15_fn
FN:854,s21_floor_16_fn
FNDA:4,s21_floor_16_fn
FN:862,s21_floor_17_fn
FNDA:4,s21_floor_17_fn
FN:870,s21_floor_18_fn
FNDA:4,s21_floor_18_fn
FN:878,s21_floor_19_fn
FNDA:4,s21_floor_19_fn
FN:886,s21_fmod_1_fn
FNDA:4,s21_fmod_1_fn
FN:895,s21_fmod_2_fn
FNDA:4,s21_fmod_2_fn
FN:904,s21_fmod_3_fn
FNDA:4,s21_fmod_3_fn
FN:913,s21_fmod_4_fn
FNDA:4,s21_fmod_4_fn
FN:923,s21_fmod_5_fn
FNDA:4,s21_fmod_5_fn
FN:933,s21_fmod_6_fn
FNDA:4,s21_fmod_6_fn
FN:943,s21_fmod_7_fn
FNDA:4,s21_fmod_7_fn
FN:953,s21_fmod_8_fn
FNDA:4,s21_fmod_8_fn
FN:962,s21_fmod_9_fn
FNDA:4,s21_fmod_9_fn
FN:971,s21_fmod_10_fn
FNDA:4,s21_fmod_10_fn
FN:981,s21_fmod_11_fn
FNDA:4,s21_fmod_11_fn
FN:991,s21_fmod_12_fn
FNDA:4,s21_fmod_12_fn
FN:1001,s21_fmod_13_fn
FNDA:4,s21_fmod_13_fn
FN:1011,s21_fmod_14_fn
FNDA:4,s21_fmod_14_fn
FN:1020,s21_fmod_15_fn
FNDA:4,s21_fmod_15_fn
FN:1029,s21_fmod_16_fn
FNDA:4,s21_fmod_16_fn
FN:1038,s21_fmod_17_fn
FNDA:4,s21_fmod_17_fn
FN:1047,s21_fmod_18_fn
FNDA:4,s21_fmod_18_fn
FN:1056,s21_fmod_19_fn
FNDA:4,s21_fmod_19_fn
FN:1065,s21_fmod_20_fn
FNDA:4,s21_fmod_20_fn
FN:1074,s21_fmod_21_fn
FNDA:4,s21_fmod_21_fn
FN:1083,s21_fmod_22_fn
FNDA:4,s21_fmod_22_fn
FN:1092,s21_fmod_23_fn
FNDA:4,s21_fmod_23_fn
FN:1102,s21_fmod_24_fn
FNDA:4,s21_fmod_24_fn
FN:1112,s21_fmod_25_fn
FNDA:4,s21_fmod_25_fn
FN:1121,s21_fmod_26_fn
FNDA:4,s21_fmod_26_fn
FN:1130,s21_fmod_27_fn
FNDA:4,s21_fmod_27_fn
FN:1139,s21_fmod_28_fn
FNDA:4,s21_fmod_28_fn
FN:1148,s21_fmod_29_fn
FNDA:4,s21_fmod_29_fn
FN:1157,s21_fmod_30_fn
FNDA:4,s21_fmod_30_fn
FN:1166,s21_fmod_31_fn
FNDA:4,s21_fmod_31_fn
FN:1181,s21_fmod_32_fn
FNDA:4,s21_fmod_32_fn
FN:1190,s21_fmod_33_fn
FNDA:4,s21_fmod_33_fn
FN:1199,s21_log_1_fn
FNDA:4,s21_log_1_fn
FN:1207,s21_log_1_1_fn
FNDA:4,s21_log_1_1_fn
FN:1215,s21_log_1_2_fn
FNDA:4,s21_log_1_2_fn
FN:1223,s21_log_1_3_fn
FNDA:4,s21_log_1_3_fn
FN:1231,s21_log_1_4_fn
FNDA:4,s21_log_1_4_fn
FN:1240,s21_log_1_5_fn
FNDA:4,s21_log_1_5_fn
FN:1249,s21_log_1_6_fn
FNDA:4,s21_log_1_6_fn
FN:1258,s21_log_1_7_fn
FNDA:4,s21_log_1_7_fn
FN:1266,s21_log_2_fn
FNDA:4,s21_log_2_fn
FN:1274,s21_log_3_fn
FNDA:4,s21_log_3_fn
FN:1283,s21_log_4_fn
FNDA:4,s21_log_4_fn
FN:1291,s21_log_5_fn
FNDA:4,s21_log_5_fn
FN:1299,s21_log_6_fn
FNDA:4,s21_log_6_fn
FN:1307,s21_log_7_fn
FNDA:4,s21_log_7_fn
FN:1315,s21_log_8_fn
FNDA:4,s21_log_8_fn
FN:1323,s21_log_9_fn
FNDA:4,s21_log_9_fn
FN:1331,s21_log_10_fn
FNDA:4,s21_log_10_fn
FN:1339,s21_log_11_fn
FNDA:4,s21_log_11_fn
FN:1347,s21_log_12_fn
FNDA:4,s21_log_12_fn
FN:1355,s21_log_13_fn
FNDA:4,s21_log_13_fn
FN:1363,s21_sin_1_fn
FNDA:4,s21_sin_1_fn
FN:1371,s21_sin_2_fn
FNDA:4,s21_sin_2_fn
FN:1379,s21_sin_3_fn
FNDA:4,s21_sin_3_fn
FN:1387,s21_sin_4_fn
FNDA:4,s21_sin_4_fn
FN:1395,s21_sin_5_fn
FNDA:4,s21_sin_5_fn
FN:1403,s21_sin_6_fn
FNDA:4,s21_sin_6_fn
FN:1412,s21_sin_7_fn
FNDA:4,s21_sin_7_fn
FN:1421,s21_sin_8_fn
FNDA:4,s21_sin_8_fn
FN:1430,s21_sin_9_fn
FNDA:4,s21_sin_9_fn
FN:1438,s21_sin_10_fn
FNDA:4,s21_sin_10_fn
FN:1446,s21_sin_11_fn
FNDA:4,s21_sin_11_fn
FN:1454,s21_sin_12_fn
FNDA:4,s21_sin_12_fn
FN:1462,s21_sin_13_fn
FNDA:4,s21_sin_13_fn
FN:1470,s21_sin_14_fn
FNDA:4,s21_sin_14_fn
FN:1478,s21_sin_15_fn
FNDA:4,s21_sin_15_fn
FN:1486,s21_sin_16_fn
FNDA:4,s21_sin_16_fn
FN:1494,s21_sin_17_fn
FNDA:4,s21_sin_17_fn
FN:1502,s21_sin_18_fn
FNDA:4,s21_sin_18_fn
FN:1510,s21_sin_19_fn
FNDA:4,s21_sin_19_fn
FN:1518,s21_sqrt_1_fn
FNDA:4,s21_sqrt_1_fn
FN:1526,s21_sqrt_2_fn
FNDA:4,s21_sqrt_2_fn
FN:1542,s21_sqrt_3_fn
FNDA:4,s21_sqrt_3_fn
FN:1551,s21_tan_1_fn
FNDA:4,s21_tan_1_fn
FN:1559,s21_tan_2_fn
FNDA:4,s21_tan_2_fn
FN:1567,s21_tan_3_fn
FNDA:4,s21_tan_3_fn
FN:1576,s21_tan_4_fn
FNDA:4,s21_tan_4_fn
FN:1585,s21_tan_5_fn
FNDA:4,s21_tan_5_fn
FN:1594,s21_tan_6_fn
FNDA:4,s21_tan_6_fn
FN:1602,s21_tan_7_fn
FNDA:4,s21_tan_7_fn
FN:1610,s21_tan_8_fn
FNDA:4,s21_tan_8_fn
FN:1618,main
FNDA:766,main
DA:13,4
DA:14,4
DA:15,4
DA:16,4
DA:17,4
DA:18,4
DA:21,4
DA:22,4
DA:23,4
DA:24,4
DA:25,4
DA:26,4
DA:29,4
DA:30,4
DA:31,4
DA:32,4
DA:33,4
DA:34,4
DA:37,4
DA:38,4
DA:39,4
DA:40,4
DA:41,4
DA:42,4
DA:45,4
DA:46,4
DA:47,4
DA:48,4
DA:49,4
DA:50,4
DA:53,4
DA:54,4
DA:55,4
DA:56,4
DA:57,4
DA:58,4
DA:61,4
DA:62,4
DA:63,4
DA:64,4
DA:65,4
DA:66,4
DA:69,4
DA:70,4
DA:71,4
DA:72,4
DA:73,4
DA:74,4
DA:77,4
DA:78,4
DA:79,4
DA:80,4
DA:81,4
DA:82,4
DA:85,4
DA:86,4
DA:87,4
DA:88,4
DA:89,4
DA:90,4
DA:93,4
DA:94,4
DA:95,4
DA:96,4
DA:97,4
DA:98,4
DA:101,4
DA:102,4
DA:103,4
DA:104,4
DA:105,4
DA:106,4
DA:109,4
DA:110,4
DA:111,4
DA:112,4
DA:113,4
DA:114,4
DA:115,4
DA:118,4
DA:119,4
DA:120,4
DA:121,4
DA:122,4
DA:123,4
DA:124,4
DA:127,4
DA:128,4
DA:129,4
DA:130,4
DA:131,4
DA:132,4
DA:133,4
DA:136,4
DA:137,4
DA:138,4
DA:139,4
DA:140,4
DA:141,4
DA:144,4
DA:145,4
DA:146,4
DA:147,4
DA:148,4
DA:149,4
DA:152,4
DA:153,4
DA:154,4
DA:155,4
DA:156,4
DA:157,4
DA:160,4
DA:161,4
DA:162,4
DA:163,4
DA:164,4
DA:165,4
DA:168,4
DA:169,4
DA:170,4
DA:171,4
DA:172,4
DA:173,4
DA:176,4
DA:177,4
DA:178,4
DA:179,4
DA:180,4
DA:181,4
DA:184,4
DA:185,4
DA:186,4
DA:187,4
DA:188,4
DA:189,4
DA:192,4
DA:193,4
DA:194,4
DA:195,4
DA:196,4
DA:197,4
DA:200,4
DA:201,4
DA:202,4
DA:203,4
DA:204,4
DA:205,4
DA:208,4
DA:209,4
DA:210,4
DA:211,4
DA:212,4
DA:213,4
DA:216,4
DA:217,4
DA:218,4
DA:219,4
DA:220,4
DA:221,4
DA:224,4
DA:225,4
DA:226,4
DA:227,4
DA:228,4
DA:229,4
DA:232,4
DA:233,4
DA:234,4
DA:235,4
DA:236,4
DA:237,4
DA:240,4
DA:241,4
DA:242,4
DA:243,4
DA:244,4
DA:245,4
DA:248,4
DA:249,4
DA:250,4
DA:251,4
DA:252,4
DA:253,4
DA:256,4
DA:257,4
DA:258,4
DA:259,4
DA:260,4
DA:261,4
DA:264,4
DA:265,4
DA:266,4
DA:267,4
DA:268,4
DA:269,4
DA:272,4
DA:273,4
DA:274,4
DA:275,4
DA:276,4
DA:277,4
DA:280,4
DA:281,4
DA:282,4
DA:283,4
DA:284,4
DA:285,4
DA:288,4
DA:289,4
DA:290,4
DA:291,4
DA:292,4
DA:293,4
DA:296,4
DA:297,4
DA:298,4
DA:299,4
DA:300,4
DA:301,4
DA:304,4
DA:305,4
DA:306,4
DA:307,4
DA:308,4
DA:309,4
DA:312,4
DA:313,4
DA:314,4
DA:315,4
DA:316,4
DA:317,4
DA:320,4
DA:321,4
DA:322,4
DA:323,4
DA:324,4
DA:325,4
DA:328,4
DA:329,4
DA:330,4
DA:331,4
DA:332,4
DA:333,4
DA:336,4
DA:337,4
DA:338,4
DA:339,4
DA:340,4
DA:341,4
DA:344,4
DA:345,4
DA:346,4
DA:347,4
DA:348,4
DA:351,4
DA:352,4
DA:353,4
DA:354,4
DA:355,4
DA:356,4
DA:359,4
DA:360,4
DA:361,4
DA:362,4
DA:363,4
DA:364,4
DA:367,4
DA:368,4
DA:369,4
DA:370,4
DA:371,4
DA:372,4
DA:375,3
DA:376,3
DA:377,3
DA:378,3
DA:379,3
DA:380,3
DA:383,3
DA:384,3
DA:385,3
DA:386,3
DA:387,3
DA:388,3
DA:391,4
DA:392,4
DA:393,4
DA:394,4
DA:395,4
DA:396,4
DA:399,4
DA:400,4
DA:401,4
DA:402,4
DA:403,4
DA:404,4
DA:407,4
DA:408,4
DA:409,4
DA:410,4
DA:411,4
DA:412,4
DA:415,4
DA:416,4
DA:417,4
DA:418,4
DA:419,4
DA:420,4
DA:423,4
DA:424,4
DA:425,4
DA:426,4
DA:427,4
DA:428,4
DA:431,4
DA:432,4
DA:433,4
DA:434,4
DA:435,4
DA:436,4
DA:439,4
DA:440,4
DA:441,4
DA:442,4
DA:443,4
DA:444,4
DA:447,4
DA:448,4
DA:449,4
DA:450,4
DA:451,4
DA:452,4
DA:455,4
DA:456,4
DA:457,4
DA:458,4
DA:459,4
DA:460,4
DA:463,4
DA:464,4
DA:465,4
DA:466,4
DA:467,4
DA:468,4
DA:471,4
DA:472,4
DA:473,4
DA:474,4
DA:475,4
DA:476,4
DA:479,4
DA:480,4
DA:481,4
DA:482,4
DA:483,4
DA:484,4
DA:487,4
DA:488,4
DA:489,4
DA:490,4
DA:491,4
DA:492,4
DA:493,4
DA:496,4
DA:497,4
DA:498,4
DA:499,4
DA:500,4
DA:501,4
DA:502,4
DA:505,4
DA:506,4
DA:507,4
DA:508,4
DA:509,4
DA:510,4
DA:513,4
DA:514,4
DA:515,4
DA:516,4
DA:517,4
DA:518,4
DA:521,4
DA:522,4
DA:523,4
DA:524,4
DA:525,4
DA:526,4
DA:529,4
DA:530,4
DA:531,4
DA:532,4
DA:533,4
DA:534,4
DA:537,4
DA:538,4
DA:539,4
DA:540,4
DA:541,4
DA:542,4
DA:545,4
DA:546,4
DA:547,4
DA:548,4
DA:549,4
DA:550,4
DA:553,4
DA:554,4
DA:555,4
DA:556,4
DA:557,4
DA:558,4
DA:561,4
DA:562,4
DA:563,4
DA:564,4
DA:565,4
DA:566,4
DA:569,4
DA:570,4
DA:571,4
DA:572,4
DA:573,4
DA:574,4
DA:577,4
DA:578,4
DA:579,4
DA:580,4
DA:581,4
DA:582,4
DA:583,4
DA:586,4
DA:587,4
DA:588,4
DA:589,4
DA:590,4
DA:591,4
DA:592,4
DA:595,4
DA:596,4
DA:597,4
DA:598,4
DA:599,4
DA:600,4
DA:601,4
DA:604,4
DA:605,4
DA:606,4
DA:607,4
DA:608,4
DA:609,4
DA:612,4
DA:613,4
DA:614,4
DA:615,4
DA:616,4
DA:617,4
DA:620,4
DA:621,4
DA:622,4
DA:623,4
DA:624,4
DA:625,4
DA:628,4
DA:629,4
DA:630,4
DA:631,4
DA:632,4
DA:633,4
DA:636,4
DA:637,4
DA:638,4
DA:639,4
DA:640,4
DA:641,4
DA:644,4
DA:645,4
DA:646,4
DA:647,4
DA:648,4
DA:649,4
DA:652,4
DA:653,4
DA:654,4
DA:655,4
DA:656,4
DA:657,4
DA:660,4
DA:661,4
DA:662,4
DA:663,4
DA:664,4
DA:665,4
DA:668,4
DA:669,4
DA:670,4
DA:671,4
DA:672,4
DA:673,4
DA:676,4
DA:677,4
DA:678,4
DA:679,4
DA:680,4
DA:681,4
DA:684,4
DA:685,4
DA:686,4
DA:687,4
DA:688,4
DA:689,4
DA:692,4
DA:693,4
DA:694,4
DA:695,4
DA:696,4
DA:697,4
DA:700,4
DA:701,4
DA:702,4
DA:703,4
DA:704,4
DA:705,4
DA:708,4
DA:709,4
DA:710,4
DA:711,4
DA:712,4
DA:713,4
DA:716,4
DA:717,4
DA:718,4
DA:719,4
DA:720,4
DA:721,4
DA:724,4
DA:725,4
DA:726,4
DA:727,4
DA:728,4
DA:729,4
DA:732,4
DA:733,4
DA:734,4
DA:735,4
DA:736,4
DA:737,4
DA:740,4
DA:741,4
DA:742,4
DA:743,4
DA:744,4
DA:745,4
DA:748,4
DA:749,4
DA:750,4
DA:751,4
DA:752,4
DA:753,4
DA:756,4
DA:757,4
DA:758,4
DA:759,4
DA:760,4
DA:761,4
DA:764,4
DA:765,4
DA:766,4
DA:767,4
DA:768,4
DA:769,4
DA:772,4
DA:773,4
DA:774,4
DA:775,4
DA:776,4
DA:777,4
DA:780,4
DA:781,4
DA:782,4
DA:783,4
DA:784,4
DA:785,4
DA:788,4
DA:789,4
DA:790,4
DA:791,4
DA:792,4
DA:793,4
DA:796,4
DA:797,4
DA:798,4
DA:799,4
DA:800,4
DA:801,4
DA:804,4
DA:805,4
DA:806,4
DA:807,4
DA:808,4
DA:809,4
DA:812,4
DA:813,4
DA:814,4
DA:815,4
DA:816,4
DA:817,4
DA:820,4
DA:821,4
DA:822,4
DA:823,4
DA:824,4
DA:825,4
DA:828,4
DA:829,4
DA:830,4
DA:831,4
DA:832,4
DA:833,4
DA:834,4
DA:837,4
DA:838,4
DA:839,4
DA:840,4
DA:841,4
DA:842,4
DA:843,4
DA:846,4
DA:847,4
DA:848,4
DA:849,4
DA:850,4
DA:851,4
DA:854,4
DA:855,4
DA:856,4
DA:857,4
DA:858,4
DA:859,4
DA:862,4
DA:863,4
DA:864,4
DA:865,4
DA:866,4
DA:867,4
DA:870,4
DA:871,4
DA:872,4
DA:873,4
DA:874,4
DA:875,4
DA:878,4
DA:879,4
DA:880,4
DA:881,4
DA:882,4
DA:883,4
DA:886,4
DA:887,4
DA:888,4
DA:889,4
DA:890,4
DA:891,4
DA:892,4
DA:895,4
DA:896,4
DA:897,4
DA:898,4
DA:899,4
DA:900,4
DA:901,4
DA:904,4
DA:905,4
DA:906,4
DA:907,4
DA:908,4
DA:909,4
DA:910,4
DA:913,4
DA:914,4
DA:915,4
DA:916,4
DA:917,4
DA:918,4
DA:919,4
DA:920,4
DA:923,4
DA:924,4
DA:925,4
DA:926,4
DA:927,4
DA:928,4
DA:929,4
DA:930,4
DA:933,4
DA:934,4
DA:935,4
DA:936,4
DA:937,4
DA:938,4
DA:939,4
DA:940,4
DA:943,4
DA:944,4
DA:945,4
DA:946,4
DA:947,4
DA:948,4
DA:949,4
DA:950,4
DA:953,4
DA:954,4
DA:955,4
DA:956,4
DA:957,4
DA:958,4
DA:959,4
DA:962,4
DA:963,4
DA:964,4
DA:965,4
DA:966,4
DA:967,4
DA:968,4
DA:971,4
DA:972,4
DA:973,4
DA:974,4
DA:975,4
DA:976,4
DA:977,4
DA:978,4
DA:981,4
DA:982,4
DA:983,4
DA:984,4
DA:985,4
DA:986,4
DA:987,4
DA:988,4
DA:991,4
DA:992,4
DA:993,4
DA:994,4
DA:995,4
DA:996,4
DA:997,4
DA:998,4
DA:1001,4
DA:1002,4
DA:1003,4
DA:1004,4
DA:1005,4
DA:1006,4
DA:1007,4
DA:1008,4
DA:1011,4
DA:1012,4
DA:1013,4
DA:1014,4
DA:1015,4
DA:1016,4
DA:1017,4
DA:1020,4
DA:1021,4
DA:1022,4
DA:1023,4
DA:1024,4
DA:1025,4
DA:1026,4
DA:1029,4
DA:1030,4
DA:1031,4
DA:1032,4
DA:1033,4
DA:1034,4
DA:1035,4
DA:1038,4
DA:1039,4
DA:1040,4
DA:1041,4
DA:1042,4
DA:1043,4
DA:1044,4
DA:1047,4
DA:1048,4
DA:1049,4
DA:1050,4
DA:1051,4
DA:1052,4
DA:1053,4
DA:1056,4
DA:1057,4
DA:1058,4
DA:1059,4
DA:1060,4
DA:1061,4
DA:1062,4
DA:1065,4
DA:1066,4
DA:1067,4
DA:1068,4
DA:1069,4
DA:1070,4
DA:1071,4
DA:1074,4
DA:1075,4
DA:1076,4
DA:1077,4
DA:1078,4
DA:1079,4
DA:1080,4
DA:1083,4
DA:1084,4
DA:1085,4
DA:1086,4
DA:1087,4
DA:1088,4
DA:1089,4
DA:1092,4
DA:1093,4
DA:1094,4
DA:1095,4
DA:1096,4
DA:1097,4
DA:1098,4
DA:1099,4
DA:1102,4
DA:1103,4
DA:1104,4
DA:1105,4
DA:1106,4
DA:1107,4
DA:1108,4
DA:1109,4
DA:1112,4
DA:1113,4
DA:1114,4
DA:1115,4
DA:1116,4
DA:1117,4
DA:1118,4
DA:1121,4
DA:1122,4
DA:1123,4
DA:1124,4
DA:1125,4
DA:1126,4
DA:1127,4
DA:1130,4
DA:1131,4
DA:1132,4
DA:1133,4
DA:1134,4
DA:1135,4
DA:1136,4
DA:1139,4
DA:1140,4
DA:1141,4
DA:1142,4
DA:1143,4
DA:1144,4
DA:1145,4
DA:1148,4
DA:1149,4
DA:1150,4
DA:1151,4
DA:1152,4
DA:1153,4
DA:1154,4
DA:1157,4
DA:1158,4
DA:1159,4
DA:1160,4
DA:1161,4
DA:1162,4
DA:1163,4
DA:1166,4
DA:1167,4
DA:1168,4
DA:1169,4
DA:1170,4
DA:1171,4
DA:1172,404
DA:1173,400
DA:1174,400
DA:1175,400
DA:1176,400
DA:1178,4
DA:1181,4
DA:1182,4
DA:1183,4
DA:1184,4
DA:1185,4
DA:1186,4
DA:1187,4
DA:1190,4
DA:1191,4
DA:1192,4
DA:1193,4
DA:1194,4
DA:1195,4
DA:1196,4
DA:1199,4
DA:1200,4
DA:1201,4
DA:1202,4
DA:1203,4
DA:1204,4
DA:1207,4
DA:1208,4
DA:1209,4
DA:1210,4
DA:1211,4
DA:1212,4
DA:1215,4
DA:1216,4
DA:1217,4
DA:1218,4
DA:1219,4
DA:1220,4
DA:1223,4
DA:1224,4
DA:1225,4
DA:1226,4
DA:1227,4
DA:1228,4
DA:1231,4
DA:1232,4
DA:1233,4
DA:1234,4
DA:1235,4
DA:1236,4
DA:1237,4
DA:1240,4
DA:1241,4
DA:1242,4
DA:1243,4
DA:1244,4
DA:1245,4
DA:1246,4
DA:1249,4
DA:1250,4
DA:1251,4
DA:1252,4
DA:1253,4
DA:1254,4
DA:1255,4
DA:1258,4
DA:1259,4
DA:1260,4
DA:1261,4
DA:1262,4
DA:1263,4
DA:1266,4
DA:1267,4
DA:1268,4
DA:1269,4
DA:1270,4
DA:1271,4
DA:1274,4
DA:1275,4
DA:1276,4
DA:1277,4
DA:1278,4
DA:1279,4
DA:1280,4
DA:1283,4
DA:1284,4
DA:1285,4
DA:1286,4
DA:1287,4
DA:1288,4
DA:1291,4
DA:1292,4
DA:1293,4
DA:1294,4
DA:1295,4
DA:1296,4
DA:1299,4
DA:1300,4
DA:1301,4
DA:1302,4
DA:1303,4
DA:1304,4
DA:1307,4
DA:1308,4
DA:1309,4
DA:1310,4
DA:1311,4
DA:1312,4
DA:1315,4
DA:1316,4
DA:1317,4
DA:1318,4
DA:1319,4
DA:1320,4
DA:1323,4
DA:1324,4
DA:1325,4
DA:1326,4
DA:1327,4
DA:1328,4
DA:1331,4
DA:1332,4
DA:1333,4
DA:1334,4
DA:1335,4
DA:1336,4
DA:1339,4
DA:1340,4
DA:1341,4
DA:1342,4
DA:1343,4
DA:1344,4
DA:1347,4
DA:1348,4
DA:1349,4
DA:1350,4
DA:1351,4
DA:1352,4
DA:1355,4
DA:1356,4
DA:1357,4
DA:1358,4
DA:1359,4
DA:1360,4
DA:1363,4
DA:1364,4
DA:1365,4
DA:1366,4
DA:1367,4
DA:1368,4
DA:1371,4
DA:1372,4
DA:1373,4
DA:1374,4
DA:1375,4
DA:1376,4
DA:1379,4
DA:1380,4
DA:1381,4
DA:1382,4
DA:1383,4
DA:1384,4
DA:1387,4
DA:1388,4
DA:1389,4
DA:1390,4
DA:1391,4
DA:1392,4
DA:1395,4
DA:1396,4
DA:1397,4
DA:1398,4
DA:1399,4
DA:1400,4
DA:1403,4
DA:1404,4
DA:1405,4
DA:1406,4
DA:1407,4
DA:1408,4
DA:1409,4
DA:1412,4
DA:1413,4
DA:1414,4
DA:1415,4
DA:1416,4
DA:1417,4
DA:1418,4
DA:1421,4
DA:1422,4
DA:1423,4
DA:1424,4
DA:1425,4
DA:1426,4
DA:1427,4
DA:1430,4
DA:1431,4
DA:1432,4
DA:1433,4
DA:1434,4
DA:1435,4
DA:1438,4
DA:1439,4
DA:1440,4
DA:1441,4
DA:1442,4
DA:1443,4
DA:1446,4
DA:1447,4
DA:1448,4
DA:1449,4
DA:1450,4
DA:1451,4
DA:1454,4
DA:1455,4
DA:1456,4
DA:1457,4
DA:1458,4
DA:1459,4
DA:1462,4
DA:1463,4
DA:1464,4
DA:1465,4
DA:1466,4
DA:1467,4
DA:1470,4
DA:1471,4
DA:1472,4
DA:1473,4
DA:1474,4
DA:1475,4
DA:1478,4
DA:1479,4
DA:1480,4
DA:1481,4
DA:1482,4
DA:1483,4
DA:1486,4
DA:1487,4
DA:1488,4
DA:1489,4
DA:1490,4
DA:1491,4
DA:1494,4
DA:1495,4
DA:1496,4
DA:1497,4
DA:1498,4
DA:1499,4
DA:1502,4
DA:1503,4
DA:1504,4
DA:1505,4
DA:1506,4
DA:1507,4
DA:1510,4
DA:1511,4
DA:1512,4
DA:1513,4
DA:1514,4
DA:1515,4
DA:1518,4
DA:1519,4
DA:1520,4
DA:1521,4
DA:1522,4
DA:1523,4
DA:1526,4
DA:1527,4
DA:1528,4
DA:1529,4
DA:1530,4
DA:1531,4
DA:1532,48
DA:1533,44
DA:1534,44
DA:1535,44
DA:1536,44
DA:1537,44
DA:1539,4
DA:1542,4
DA:1543,4
DA:1544,4
DA:1545,4
DA:1546,4
DA:1547,4
DA:1548,4
DA:1551,4
DA:1552,4
DA:1553,4
DA:1554,4
DA:1555,4
DA:1556,4
DA:1559,4
DA:1560,4
DA:1561,4
DA:1562,4
DA:1563,4
DA:1564,4
DA:1567,4
DA:1568,4
DA:1569,4
DA:1570,4
DA:1571,4
DA:1572,4
DA:1573,4
DA:1576,4
DA:1577,4
DA:1578,4
DA:1579,4
DA:1580,4
DA:1581,4
DA:1582,4
DA:1585,4
DA:1586,4
DA:1587,4
DA:1588,4
DA:1589,4
DA:1590,4
DA:1591,4
DA:1594,4
DA:1595,4
DA:1596,4
DA:1597,4
DA:1598,4
DA:1599,4
DA:1602,4
DA:1603,4
DA:1604,4
DA:1605,4
DA:1606,4
DA:1607,4
DA:1610,4
DA:1611,4
DA:1612,4
DA:1613,4
DA:1614,4
DA:1615,4
DA:1618,766
DA:1619,766
DA:1620,766
DA:1621,766
DA:1622,766
DA:1623,766
DA:1624,766
DA:1625,766
DA:1626,766
DA:1627,766
DA:1628,766
DA:1629,766
DA:1630,766
DA:1631,766
DA:1632,766
DA:1633,766
DA:1634,766
DA:1635,766
DA:1636,766
DA:1637,766
DA:1638,766
DA:1639,766
DA:1640,766
DA:1641,766
DA:1642,766
DA:1643,766
DA:1644,766
DA:1645,766
DA:1646,766
DA:1647,766
DA:1650,766
DA:1651,766
DA:1652,766
DA:1653,766
DA:1654,766
DA:1655,766
DA:1656,766
DA:1657,766
DA:1658,766
DA:1659,766
DA:1660,766
DA:1661,766
DA:1662,766
DA:1663,766
DA:1664,766
DA:1665,766
DA:1666,766
DA:1667,766
DA:1668,766
DA:1669,766
DA:1670,766
DA:1671,766
DA:1672,766
DA:1673,766
DA:1674,766
DA:1675,766
DA:1676,766
DA:1677,766
DA:1678,766
DA:1679,766
DA:1680,766
DA:1681,766
DA:1682,766
DA:1683,766
DA:1684,766
DA:1685,766
DA:1686,766
DA:1687,766
DA:1688,766
DA:1689,766
DA:1690,766
DA:1691,766
DA:1692,766
DA:1693,766
DA:1694,766
DA:1695,766
DA:1696,766
DA:1697,766
DA:1698,766
DA:1699,766
DA:1700,766
DA:1701,766
DA:1702,766
DA:1703,766
DA:1704,766
DA:1705,766
DA:1706,766
DA:1707,766
DA:1708,766
DA:1709,766
DA:1710,766
DA:1711,766
DA:1712,766
DA:1713,766
DA:1714,766
DA:1715,766
DA:1716,766
DA:1717,766
DA:1718,766
DA:1719,766
DA:1720,766
DA:1721,766
DA:1722,766
DA:1723,766
DA:1724,766
DA:1725,766
DA:1726,766
DA:1727,766
DA:1728,766
DA:1729,766
DA:1730,766
DA:1731,766
DA:1732,766
DA:1733,766
DA:1734,766
DA:1735,766
DA:1736,766
DA:1737,766
DA:1738,766
DA:1739,766
DA:1740,766
DA:1741,766
DA:1742,766
DA:1743,766
DA:1744,766
DA:1745,766
DA:1746,766
DA:1747,766
DA:1748,766
DA:1749,766
DA:1750,766
DA:1751,766
DA:1752,766
DA:1753,766
DA:1754,766
DA:1755,766
DA:1756,766
DA:1757,766
DA:1758,766
DA:1759,766
DA:1760,766
DA:1761,766
DA:1762,766
DA:1763,766
DA:1764,766
DA:1765,766
DA:1766,766
DA:1767,766
DA:1768,766
DA:1769,766
DA:1770,766
DA:1771,766
DA:1772,766
DA:1773,766
DA:1774,766
DA:1775,766
DA:1776,766
DA:1777,766
DA:1778,766
DA:1779,766
DA:1780,766
DA:1781,766
DA:1782,766
DA:1783,766
DA:1784,766
DA:1785,766
DA:1786,766
DA:1787,766
DA:1788,766
DA:1789,766
DA:1790,766
DA:1791,766
DA:1792,766
DA:1793,766
DA:1794,766
DA:1795,766
DA:1796,766
DA:1797,766
DA:1798,766
DA:1799,766
DA:1800,766
DA:1801,766
DA:1802,766
DA:1803,766
DA:1804,766
DA:1805,766
DA:1806,766
DA:1807,766
DA:1808,766
DA:1809,766
DA:1810,766
DA:1811,766
DA:1812,766
DA:1813,766
DA:1814,766
DA:1815,766
DA:1816,766
DA:1817,766
DA:1818,766
DA:1819,766
DA:1820,766
DA:1821,766
DA:1822,766
DA:1823,766
DA:1824,766
DA:1825,766
DA:1826,766
DA:1827,766
DA:1828,766
DA:1829,766
DA:1830,766
DA:1831,766
DA:1832,766
DA:1833,766
DA:1834,766
DA:1835,766
DA:1836,766
DA:1837,766
DA:1838,766
DA:1839,766
DA:1840,766
DA:1841,766
DA:1842,766
DA:1843,766
DA:1844,766
DA:1845,766
DA:1846,766
DA:1847,766
DA:1848,766
DA:1849,766
DA:1850,766
DA:1851,766
DA:1852,766
DA:1853,766
DA:1854,766
DA:1856,766
DA:1857,766
DA:1858,766
DA:1859,766
DA:1860,766
DA:1861,766
DA:1862,766
DA:1863,766
DA:1864,766
DA:1865,766
DA:1866,766
DA:1867,766
DA:1868,766
DA:1870,766
DA:1871,4
DA:1872,4
DA:1874,4
end_of_record
